<?xml version="1.0" encoding="UTF-8"?>
<testsuites>
    <testsuite name="force.apex" timestamp="2018-12-21T11:10:11-05:00" hostname="https://drive-ruby-7220-dev-ed.cs24.my.salesforce.com/" tests="1" failures="0"  errors="0"  time="0.01">
        <properties>
            <property name="outcome" value="Passed"/>
            <property name="testsRan" value="1"/>
            <property name="passing" value="1"/>
            <property name="failing" value="0"/>
            <property name="skipped" value="0"/>
            <property name="passRate" value="100%"/>
            <property name="failRate" value="0%"/>
            <property name="testStartTime" value="Dec 21, 2018 11:10 AM"/>
            <property name="testExecutionTime" value="0.01 s"/>
            <property name="testTotalTime" value="0.01 s"/>
            <property name="commandTime" value="4.04 s"/>
            <property name="hostname" value="https://drive-ruby-7220-dev-ed.cs24.my.salesforce.com/"/>
            <property name="orgId" value="00D190000009IofEAE"/>
            <property name="username" value="test-b8lxv308zxca@example.com"/>
            <property name="testRunId" value="7071900000Zgn0F"/>
            <property name="userId" value="00519000002KuecAAC"/>
            <property name="testRunCoverage" value="50%"/>
            <property name="orgWideCoverage" value="28%"/>
        </properties>
        <testcase name="getFooTest" classname="FooTests" time="0.01">
        </testcase>
    </testsuite>
</testsuites>
